<?xml version="1.0" encoding="UTF-8"?>
<!-- Generated by org.testng.reporters.JUnitXMLReporter -->
<testsuite ignored="1" hostname="dinm5CG042B3D9" failures="0" tests="1" name="Default test" time="10.458" errors="0" timestamp="2024-03-01T12:35:09 IST">
  <testcase classname="Selenium._08_ClickOnAnimatedButton" name="_2_clickOnAnimatedBtnUsinnExplicitWait" time="10.355"/>
  <testcase classname="Selenium._08_ClickOnAnimatedButton" name="_1_clickOnAnimatedBtnUsingHardWait" time="0.0">
    <ignored/>
  </testcase> <!-- _1_clickOnAnimatedBtnUsingHardWait -->
</testsuite> <!-- Default test -->
